This file contains any messages produced by compilers while
running configure, to aid debugging if configure makes a mistake.

It was created by dm-zoned-tools configure 2.2.1, which was
generated by GNU Autoconf 2.69.  Invocation command line was

  $ ./configure 

## --------- ##
## Platform. ##
## --------- ##

hostname = dcslab-desktop
uname -m = x86_64
uname -r = 5.19.0-next-20220802+
uname -s = Linux
uname -v = #1 SMP PREEMPT_DYNAMIC Thu Aug 18 17:05:22 KST 2022

/usr/bin/uname -p = x86_64
/bin/uname -X     = unknown

/bin/arch              = x86_64
/usr/bin/arch -k       = unknown
/usr/convex/getsysinfo = unknown
/usr/bin/hostinfo      = unknown
/bin/machine           = unknown
/usr/bin/oslevel       = unknown
/bin/universe          = unknown

PATH: /usr/local/sbin
PATH: /usr/local/bin
PATH: /usr/sbin
PATH: /usr/bin
PATH: /sbin
PATH: /bin
PATH: /usr/games
PATH: /usr/local/games
PATH: /snap/bin


## ----------- ##
## Core tests. ##
## ----------- ##

configure:2384: checking for a BSD-compatible install
configure:2452: result: /usr/bin/install -c
configure:2463: checking whether build environment is sane
configure:2518: result: yes
configure:2664: checking for a thread-safe mkdir -p
configure:2703: result: /usr/bin/mkdir -p
configure:2710: checking for gawk
configure:2740: result: no
configure:2710: checking for mawk
configure:2726: found /usr/bin/mawk
configure:2737: result: mawk
configure:2748: checking whether make sets $(MAKE)
configure:2770: result: yes
configure:2799: checking whether make supports nested variables
configure:2816: result: yes
configure:2953: checking whether make supports nested variables
configure:2970: result: yes
configure:2986: checking whether make supports the include directive
configure:3001: make -f confmf.GNU && cat confinc.out
this is the am__doit target
configure:3004: $? = 0
configure:3023: result: yes (GNU style)
configure:3093: checking for gcc
configure:3109: found /usr/bin/gcc
configure:3120: result: gcc
configure:3349: checking for C compiler version
configure:3358: gcc --version >&5
gcc (Ubuntu 7.5.0-6ubuntu4) 7.5.0
Copyright (C) 2017 Free Software Foundation, Inc.
This is free software; see the source for copying conditions.  There is NO
warranty; not even for MERCHANTABILITY or FITNESS FOR A PARTICULAR PURPOSE.

configure:3369: $? = 0
configure:3358: gcc -v >&5
Using built-in specs.
COLLECT_GCC=gcc
COLLECT_LTO_WRAPPER=/usr/lib/gcc/x86_64-linux-gnu/7/lto-wrapper
OFFLOAD_TARGET_NAMES=nvptx-none
OFFLOAD_TARGET_DEFAULT=1
Target: x86_64-linux-gnu
Configured with: ../src/configure -v --with-pkgversion='Ubuntu 7.5.0-6ubuntu4' --with-bugurl=file:///usr/share/doc/gcc-7/README.Bugs --enable-languages=c,ada,c++,go,brig,d,fortran,objc,obj-c++ --prefix=/usr --with-gcc-major-version-only --program-suffix=-7 --program-prefix=x86_64-linux-gnu- --enable-shared --enable-linker-build-id --libexecdir=/usr/lib --without-included-gettext --enable-threads=posix --libdir=/usr/lib --enable-nls --enable-bootstrap --enable-clocale=gnu --enable-libstdcxx-debug --enable-libstdcxx-time=yes --with-default-libstdcxx-abi=new --enable-gnu-unique-object --disable-vtable-verify --enable-libmpx --enable-plugin --enable-default-pie --with-system-zlib --with-target-system-zlib --enable-objc-gc=auto --enable-multiarch --disable-werror --with-arch-32=i686 --with-abi=m64 --with-multilib-list=m32,m64,mx32 --enable-multilib --with-tune=generic --enable-offload-targets=nvptx-none --without-cuda-driver --enable-checking=release --build=x86_64-linux-gnu --host=x86_64-linux-gnu --target=x86_64-linux-gnu
Thread model: posix
gcc version 7.5.0 (Ubuntu 7.5.0-6ubuntu4) 
configure:3369: $? = 0
configure:3358: gcc -V >&5
gcc: error: unrecognized command line option '-V'
gcc: fatal error: no input files
compilation terminated.
configure:3369: $? = 1
configure:3358: gcc -qversion >&5
gcc: error: unrecognized command line option '-qversion'; did you mean '--version'?
gcc: fatal error: no input files
compilation terminated.
configure:3369: $? = 1
configure:3389: checking whether the C compiler works
configure:3411: gcc    conftest.c  >&5
configure:3415: $? = 0
configure:3463: result: yes
configure:3466: checking for C compiler default output file name
configure:3468: result: a.out
configure:3474: checking for suffix of executables
configure:3481: gcc -o conftest    conftest.c  >&5
configure:3485: $? = 0
configure:3507: result: 
configure:3529: checking whether we are cross compiling
configure:3537: gcc -o conftest    conftest.c  >&5
configure:3541: $? = 0
configure:3548: ./conftest
configure:3552: $? = 0
configure:3567: result: no
configure:3572: checking for suffix of object files
configure:3594: gcc -c   conftest.c >&5
configure:3598: $? = 0
configure:3619: result: o
configure:3623: checking whether we are using the GNU C compiler
configure:3642: gcc -c   conftest.c >&5
configure:3642: $? = 0
configure:3651: result: yes
configure:3660: checking whether gcc accepts -g
configure:3680: gcc -c -g  conftest.c >&5
configure:3680: $? = 0
configure:3721: result: yes
configure:3738: checking for gcc option to accept ISO C89
configure:3801: gcc  -c -g -O2  conftest.c >&5
configure:3801: $? = 0
configure:3814: result: none needed
configure:3839: checking whether gcc understands -c and -o together
configure:3861: gcc -c conftest.c -o conftest2.o
configure:3864: $? = 0
configure:3861: gcc -c conftest.c -o conftest2.o
configure:3864: $? = 0
configure:3876: result: yes
configure:3895: checking dependency style of gcc
configure:4006: result: gcc3
configure:4027: checking how to run the C preprocessor
configure:4058: gcc -E  conftest.c
configure:4058: $? = 0
configure:4072: gcc -E  conftest.c
conftest.c:11:10: fatal error: ac_nonexistent.h: No such file or directory
 #include <ac_nonexistent.h>
          ^~~~~~~~~~~~~~~~~~
compilation terminated.
configure:4072: $? = 1
configure: failed program was:
| /* confdefs.h */
| #define PACKAGE_NAME "dm-zoned-tools"
| #define PACKAGE_TARNAME "dm-zoned-tools"
| #define PACKAGE_VERSION "2.2.1"
| #define PACKAGE_STRING "dm-zoned-tools 2.2.1"
| #define PACKAGE_BUGREPORT "damien.lemoal@wdc.com"
| #define PACKAGE_URL ""
| #define PACKAGE "dm-zoned-tools"
| #define VERSION "2.2.1"
| /* end confdefs.h.  */
| #include <ac_nonexistent.h>
configure:4097: result: gcc -E
configure:4117: gcc -E  conftest.c
configure:4117: $? = 0
configure:4131: gcc -E  conftest.c
conftest.c:11:10: fatal error: ac_nonexistent.h: No such file or directory
 #include <ac_nonexistent.h>
          ^~~~~~~~~~~~~~~~~~
compilation terminated.
configure:4131: $? = 1
configure: failed program was:
| /* confdefs.h */
| #define PACKAGE_NAME "dm-zoned-tools"
| #define PACKAGE_TARNAME "dm-zoned-tools"
| #define PACKAGE_VERSION "2.2.1"
| #define PACKAGE_STRING "dm-zoned-tools 2.2.1"
| #define PACKAGE_BUGREPORT "damien.lemoal@wdc.com"
| #define PACKAGE_URL ""
| #define PACKAGE "dm-zoned-tools"
| #define VERSION "2.2.1"
| /* end confdefs.h.  */
| #include <ac_nonexistent.h>
configure:4160: checking for grep that handles long lines and -e
configure:4218: result: /usr/bin/grep
configure:4223: checking for egrep
configure:4285: result: /usr/bin/grep -E
configure:4290: checking for ANSI C header files
configure:4310: gcc -c -g -O2  conftest.c >&5
configure:4310: $? = 0
configure:4383: gcc -o conftest -g -O2   conftest.c  >&5
configure:4383: $? = 0
configure:4383: ./conftest
configure:4383: $? = 0
configure:4394: result: yes
configure:4407: checking for sys/types.h
configure:4407: gcc -c -g -O2  conftest.c >&5
configure:4407: $? = 0
configure:4407: result: yes
configure:4407: checking for sys/stat.h
configure:4407: gcc -c -g -O2  conftest.c >&5
configure:4407: $? = 0
configure:4407: result: yes
configure:4407: checking for stdlib.h
configure:4407: gcc -c -g -O2  conftest.c >&5
configure:4407: $? = 0
configure:4407: result: yes
configure:4407: checking for string.h
configure:4407: gcc -c -g -O2  conftest.c >&5
configure:4407: $? = 0
configure:4407: result: yes
configure:4407: checking for memory.h
configure:4407: gcc -c -g -O2  conftest.c >&5
configure:4407: $? = 0
configure:4407: result: yes
configure:4407: checking for strings.h
configure:4407: gcc -c -g -O2  conftest.c >&5
configure:4407: $? = 0
configure:4407: result: yes
configure:4407: checking for inttypes.h
configure:4407: gcc -c -g -O2  conftest.c >&5
configure:4407: $? = 0
configure:4407: result: yes
configure:4407: checking for stdint.h
configure:4407: gcc -c -g -O2  conftest.c >&5
configure:4407: $? = 0
configure:4407: result: yes
configure:4407: checking for unistd.h
configure:4407: gcc -c -g -O2  conftest.c >&5
configure:4407: $? = 0
configure:4407: result: yes
configure:4420: checking minix/config.h usability
configure:4420: gcc -c -g -O2  conftest.c >&5
conftest.c:54:10: fatal error: minix/config.h: No such file or directory
 #include <minix/config.h>
          ^~~~~~~~~~~~~~~~
compilation terminated.
configure:4420: $? = 1
configure: failed program was:
| /* confdefs.h */
| #define PACKAGE_NAME "dm-zoned-tools"
| #define PACKAGE_TARNAME "dm-zoned-tools"
| #define PACKAGE_VERSION "2.2.1"
| #define PACKAGE_STRING "dm-zoned-tools 2.2.1"
| #define PACKAGE_BUGREPORT "damien.lemoal@wdc.com"
| #define PACKAGE_URL ""
| #define PACKAGE "dm-zoned-tools"
| #define VERSION "2.2.1"
| #define STDC_HEADERS 1
| #define HAVE_SYS_TYPES_H 1
| #define HAVE_SYS_STAT_H 1
| #define HAVE_STDLIB_H 1
| #define HAVE_STRING_H 1
| #define HAVE_MEMORY_H 1
| #define HAVE_STRINGS_H 1
| #define HAVE_INTTYPES_H 1
| #define HAVE_STDINT_H 1
| #define HAVE_UNISTD_H 1
| /* end confdefs.h.  */
| #include <stdio.h>
| #ifdef HAVE_SYS_TYPES_H
| # include <sys/types.h>
| #endif
| #ifdef HAVE_SYS_STAT_H
| # include <sys/stat.h>
| #endif
| #ifdef STDC_HEADERS
| # include <stdlib.h>
| # include <stddef.h>
| #else
| # ifdef HAVE_STDLIB_H
| #  include <stdlib.h>
| # endif
| #endif
| #ifdef HAVE_STRING_H
| # if !defined STDC_HEADERS && defined HAVE_MEMORY_H
| #  include <memory.h>
| # endif
| # include <string.h>
| #endif
| #ifdef HAVE_STRINGS_H
| # include <strings.h>
| #endif
| #ifdef HAVE_INTTYPES_H
| # include <inttypes.h>
| #endif
| #ifdef HAVE_STDINT_H
| # include <stdint.h>
| #endif
| #ifdef HAVE_UNISTD_H
| # include <unistd.h>
| #endif
| #include <minix/config.h>
configure:4420: result: no
configure:4420: checking minix/config.h presence
configure:4420: gcc -E  conftest.c
conftest.c:21:10: fatal error: minix/config.h: No such file or directory
 #include <minix/config.h>
          ^~~~~~~~~~~~~~~~
compilation terminated.
configure:4420: $? = 1
configure: failed program was:
| /* confdefs.h */
| #define PACKAGE_NAME "dm-zoned-tools"
| #define PACKAGE_TARNAME "dm-zoned-tools"
| #define PACKAGE_VERSION "2.2.1"
| #define PACKAGE_STRING "dm-zoned-tools 2.2.1"
| #define PACKAGE_BUGREPORT "damien.lemoal@wdc.com"
| #define PACKAGE_URL ""
| #define PACKAGE "dm-zoned-tools"
| #define VERSION "2.2.1"
| #define STDC_HEADERS 1
| #define HAVE_SYS_TYPES_H 1
| #define HAVE_SYS_STAT_H 1
| #define HAVE_STDLIB_H 1
| #define HAVE_STRING_H 1
| #define HAVE_MEMORY_H 1
| #define HAVE_STRINGS_H 1
| #define HAVE_INTTYPES_H 1
| #define HAVE_STDINT_H 1
| #define HAVE_UNISTD_H 1
| /* end confdefs.h.  */
| #include <minix/config.h>
configure:4420: result: no
configure:4420: checking for minix/config.h
configure:4420: result: no
configure:4441: checking whether it is safe to define __EXTENSIONS__
configure:4459: gcc -c -g -O2  conftest.c >&5
configure:4459: $? = 0
configure:4466: result: yes
configure:4487: checking for special C compiler options needed for large files
configure:4532: result: no
configure:4538: checking for _FILE_OFFSET_BITS value needed for large files
configure:4563: gcc -c -g -O2  conftest.c >&5
configure:4563: $? = 0
configure:4595: result: no
configure:4730: checking for ar
configure:4746: found /usr/bin/ar
configure:4757: result: ar
configure:4783: checking the archiver (ar) interface
configure:4799: gcc -c -g -O2  conftest.c >&5
configure:4799: $? = 0
configure:4801: ar cru libconftest.a conftest.o >&5
ar: `u' modifier ignored since `D' is the default (see `U')
configure:4804: $? = 0
configure:4832: result: ar
configure:4882: checking build system type
configure:4896: result: x86_64-pc-linux-gnu
configure:4916: checking host system type
configure:4929: result: x86_64-pc-linux-gnu
configure:4970: checking how to print strings
configure:4997: result: printf
configure:5018: checking for a sed that does not truncate output
configure:5082: result: /usr/bin/sed
configure:5100: checking for fgrep
configure:5162: result: /usr/bin/grep -F
configure:5197: checking for ld used by gcc
configure:5264: result: /usr/bin/ld
configure:5271: checking if the linker (/usr/bin/ld) is GNU ld
configure:5286: result: yes
configure:5298: checking for BSD- or MS-compatible name lister (nm)
configure:5352: result: /usr/bin/nm -B
configure:5482: checking the name lister (/usr/bin/nm -B) interface
configure:5489: gcc -c -g -O2  conftest.c >&5
configure:5492: /usr/bin/nm -B "conftest.o"
configure:5495: output
0000000000000000 B some_variable
configure:5502: result: BSD nm
configure:5505: checking whether ln -s works
configure:5509: result: yes
configure:5517: checking the maximum length of command line arguments
configure:5648: result: 1572864
configure:5696: checking how to convert x86_64-pc-linux-gnu file names to x86_64-pc-linux-gnu format
configure:5736: result: func_convert_file_noop
configure:5743: checking how to convert x86_64-pc-linux-gnu file names to toolchain format
configure:5763: result: func_convert_file_noop
configure:5770: checking for /usr/bin/ld option to reload object files
configure:5777: result: -r
configure:5851: checking for objdump
configure:5867: found /usr/bin/objdump
configure:5878: result: objdump
configure:5910: checking how to recognize dependent libraries
configure:6110: result: pass_all
configure:6195: checking for dlltool
configure:6225: result: no
configure:6255: checking how to associate runtime and link libraries
configure:6282: result: printf %s\n
configure:6406: checking for archiver @FILE support
configure:6423: gcc -c -g -O2  conftest.c >&5
configure:6423: $? = 0
configure:6426: ar cr libconftest.a @conftest.lst >&5
configure:6429: $? = 0
configure:6434: ar cr libconftest.a @conftest.lst >&5
ar: conftest.o: No such file or directory
configure:6437: $? = 1
configure:6449: result: @
configure:6507: checking for strip
configure:6523: found /usr/bin/strip
configure:6534: result: strip
configure:6606: checking for ranlib
configure:6622: found /usr/bin/ranlib
configure:6633: result: ranlib
configure:6735: checking command to parse /usr/bin/nm -B output from gcc object
configure:6888: gcc -c -g -O2  conftest.c >&5
configure:6891: $? = 0
configure:6895: /usr/bin/nm -B conftest.o | sed -n -e 's/^.*[	 ]\([ABCDGIRSTW][ABCDGIRSTW]*\)[	 ][	 ]*\([_A-Za-z][_A-Za-z0-9]*\)$/\1 \2 \2/p' | sed '/ __gnu_lto/d' > conftest.nm
configure:6961: gcc -o conftest -g -O2   conftest.c conftstm.o >&5
configure:6964: $? = 0
configure:7002: result: ok
configure:7049: checking for sysroot
configure:7079: result: no
configure:7086: checking for a working dd
configure:7124: result: /usr/bin/dd
configure:7128: checking how to truncate binary pipes
configure:7143: result: /usr/bin/dd bs=4096 count=1
configure:7279: gcc -c -g -O2  conftest.c >&5
configure:7282: $? = 0
configure:7472: checking for mt
configure:7488: found /usr/bin/mt
configure:7499: result: mt
configure:7522: checking if mt is a manifest tool
configure:7528: mt '-?'
configure:7536: result: no
configure:8210: checking for dlfcn.h
configure:8210: gcc -c -g -O2  conftest.c >&5
configure:8210: $? = 0
configure:8210: result: yes
configure:8466: checking for objdir
configure:8481: result: .libs
configure:8745: checking if gcc supports -fno-rtti -fno-exceptions
configure:8763: gcc -c -g -O2  -fno-rtti -fno-exceptions conftest.c >&5
cc1: warning: command line option '-fno-rtti' is valid for C++/ObjC++ but not for C
configure:8767: $? = 0
configure:8780: result: no
configure:9144: checking for gcc option to produce PIC
configure:9151: result: -fPIC -DPIC
configure:9159: checking if gcc PIC flag -fPIC -DPIC works
configure:9177: gcc -c -g -O2  -fPIC -DPIC -DPIC conftest.c >&5
configure:9181: $? = 0
configure:9194: result: yes
configure:9223: checking if gcc static flag -static works
configure:9251: result: yes
configure:9266: checking if gcc supports -c -o file.o
configure:9287: gcc -c -g -O2  -o out/conftest2.o conftest.c >&5
configure:9291: $? = 0
configure:9313: result: yes
configure:9321: checking if gcc supports -c -o file.o
configure:9368: result: yes
configure:9401: checking whether the gcc linker (/usr/bin/ld -m elf_x86_64) supports shared libraries
configure:10664: result: yes
configure:10701: checking whether -lc should be explicitly linked in
configure:10709: gcc -c -g -O2  conftest.c >&5
configure:10712: $? = 0
configure:10727: gcc -shared  -fPIC -DPIC conftest.o  -v -Wl,-soname -Wl,conftest -o conftest 2\>\&1 \| /usr/bin/grep  -lc  \>/dev/null 2\>\&1
configure:10730: $? = 0
configure:10744: result: no
configure:10904: checking dynamic linker characteristics
configure:11485: gcc -o conftest -g -O2   -Wl,-rpath -Wl,/foo conftest.c  >&5
configure:11485: $? = 0
configure:11734: result: GNU/Linux ld.so
configure:11856: checking how to hardcode library paths into programs
configure:11881: result: immediate
configure:12429: checking whether stripping libraries is possible
configure:12434: result: yes
configure:12469: checking if libtool supports shared libraries
configure:12471: result: yes
configure:12474: checking whether to build shared libraries
configure:12499: result: yes
configure:12502: checking whether to build static libraries
configure:12506: result: yes
configure:12593: checking for gcc
configure:12620: result: gcc
configure:12849: checking for C compiler version
configure:12858: gcc --version >&5
gcc (Ubuntu 7.5.0-6ubuntu4) 7.5.0
Copyright (C) 2017 Free Software Foundation, Inc.
This is free software; see the source for copying conditions.  There is NO
warranty; not even for MERCHANTABILITY or FITNESS FOR A PARTICULAR PURPOSE.

configure:12869: $? = 0
configure:12858: gcc -v >&5
Using built-in specs.
COLLECT_GCC=gcc
COLLECT_LTO_WRAPPER=/usr/lib/gcc/x86_64-linux-gnu/7/lto-wrapper
OFFLOAD_TARGET_NAMES=nvptx-none
OFFLOAD_TARGET_DEFAULT=1
Target: x86_64-linux-gnu
Configured with: ../src/configure -v --with-pkgversion='Ubuntu 7.5.0-6ubuntu4' --with-bugurl=file:///usr/share/doc/gcc-7/README.Bugs --enable-languages=c,ada,c++,go,brig,d,fortran,objc,obj-c++ --prefix=/usr --with-gcc-major-version-only --program-suffix=-7 --program-prefix=x86_64-linux-gnu- --enable-shared --enable-linker-build-id --libexecdir=/usr/lib --without-included-gettext --enable-threads=posix --libdir=/usr/lib --enable-nls --enable-bootstrap --enable-clocale=gnu --enable-libstdcxx-debug --enable-libstdcxx-time=yes --with-default-libstdcxx-abi=new --enable-gnu-unique-object --disable-vtable-verify --enable-libmpx --enable-plugin --enable-default-pie --with-system-zlib --with-target-system-zlib --enable-objc-gc=auto --enable-multiarch --disable-werror --with-arch-32=i686 --with-abi=m64 --with-multilib-list=m32,m64,mx32 --enable-multilib --with-tune=generic --enable-offload-targets=nvptx-none --without-cuda-driver --enable-checking=release --build=x86_64-linux-gnu --host=x86_64-linux-gnu --target=x86_64-linux-gnu
Thread model: posix
gcc version 7.5.0 (Ubuntu 7.5.0-6ubuntu4) 
configure:12869: $? = 0
configure:12858: gcc -V >&5
gcc: error: unrecognized command line option '-V'
gcc: fatal error: no input files
compilation terminated.
configure:12869: $? = 1
configure:12858: gcc -qversion >&5
gcc: error: unrecognized command line option '-qversion'; did you mean '--version'?
gcc: fatal error: no input files
compilation terminated.
configure:12869: $? = 1
configure:12873: checking whether we are using the GNU C compiler
configure:12901: result: yes
configure:12910: checking whether gcc accepts -g
configure:12971: result: yes
configure:12988: checking for gcc option to accept ISO C89
configure:13064: result: none needed
configure:13089: checking whether gcc understands -c and -o together
configure:13126: result: yes
configure:13145: checking dependency style of gcc
configure:13256: result: gcc3
configure:13274: checking libgen.h usability
configure:13274: gcc -c -g -O2  conftest.c >&5
configure:13274: $? = 0
configure:13274: result: yes
configure:13274: checking libgen.h presence
configure:13274: gcc -E  conftest.c
configure:13274: $? = 0
configure:13274: result: yes
configure:13274: checking for libgen.h
configure:13274: result: yes
configure:13282: checking mntent.h usability
configure:13282: gcc -c -g -O2  conftest.c >&5
configure:13282: $? = 0
configure:13282: result: yes
configure:13282: checking mntent.h presence
configure:13282: gcc -E  conftest.c
configure:13282: $? = 0
configure:13282: result: yes
configure:13282: checking for mntent.h
configure:13282: result: yes
configure:13290: checking linux/fs.h usability
configure:13290: gcc -c -g -O2  conftest.c >&5
configure:13290: $? = 0
configure:13290: result: yes
configure:13290: checking linux/fs.h presence
configure:13290: gcc -E  conftest.c
configure:13290: $? = 0
configure:13290: result: yes
configure:13290: checking for linux/fs.h
configure:13290: result: yes
configure:13298: checking linux/blkzoned.h usability
configure:13298: gcc -c -g -O2  conftest.c >&5
configure:13298: $? = 0
configure:13298: result: yes
configure:13298: checking linux/blkzoned.h presence
configure:13298: gcc -E  conftest.c
configure:13298: $? = 0
configure:13298: result: yes
configure:13298: checking for linux/blkzoned.h
configure:13298: result: yes
configure:13307: checking for struct blk_zone.capacity
configure:13307: gcc -c -g -O2  conftest.c >&5
configure:13307: $? = 0
configure:13307: result: yes
configure:13371: checking for pkg-config
configure:13389: found /usr/bin/pkg-config
configure:13401: result: /usr/bin/pkg-config
configure:13426: checking pkg-config is at least version 0.9.0
configure:13429: result: yes
configure:13439: checking for blkid
configure:13446: $PKG_CONFIG --exists --print-errors "blkid"
configure:13449: $? = 0
configure:13463: $PKG_CONFIG --exists --print-errors "blkid"
configure:13466: $? = 0
configure:13504: result: yes
configure:13510: checking for libkmod
configure:13517: $PKG_CONFIG --exists --print-errors "libkmod"
configure:13520: $? = 0
configure:13534: $PKG_CONFIG --exists --print-errors "libkmod"
configure:13537: $? = 0
configure:13575: result: yes
configure:13581: checking for libudev
configure:13588: $PKG_CONFIG --exists --print-errors "libudev"
configure:13591: $? = 0
configure:13605: $PKG_CONFIG --exists --print-errors "libudev"
configure:13608: $? = 0
configure:13646: result: yes
configure:13652: checking for uuid
configure:13659: $PKG_CONFIG --exists --print-errors "uuid"
configure:13662: $? = 0
configure:13676: $PKG_CONFIG --exists --print-errors "uuid"
configure:13679: $? = 0
configure:13717: result: yes
configure:13723: checking for devmapper
configure:13730: $PKG_CONFIG --exists --print-errors "devmapper"
configure:13733: $? = 0
configure:13747: $PKG_CONFIG --exists --print-errors "devmapper"
configure:13750: $? = 0
configure:13788: result: yes
configure:13796: checking for rpmbuild
configure:13814: found /usr/bin/rpmbuild
configure:13827: result: /usr/bin/rpmbuild
configure:13837: checking for rpm
configure:13855: found /usr/bin/rpm
configure:13868: result: /usr/bin/rpm
configure:13989: checking that generated files are newer than configure
configure:13995: result: done
configure:14026: creating ./config.status

## ---------------------- ##
## Running config.status. ##
## ---------------------- ##

This file was extended by dm-zoned-tools config.status 2.2.1, which was
generated by GNU Autoconf 2.69.  Invocation command line was

  CONFIG_FILES    = 
  CONFIG_HEADERS  = 
  CONFIG_LINKS    = 
  CONFIG_COMMANDS = 
  $ ./config.status 

on dcslab-desktop

config.status:1109: creating Makefile
config.status:1109: creating man/Makefile
config.status:1109: creating src/Makefile
config.status:1109: creating src/config.h
config.status:1338: executing depfiles commands
config.status:1415: cd src       && sed -e '/# am--include-marker/d' Makefile         | make -f - am--depfiles
config.status:1420: $? = 0
config.status:1338: executing libtool commands

## ---------------- ##
## Cache variables. ##
## ---------------- ##

ac_cv_build=x86_64-pc-linux-gnu
ac_cv_c_compiler_gnu=yes
ac_cv_env_CC_set=
ac_cv_env_CC_value=
ac_cv_env_CFLAGS_set=
ac_cv_env_CFLAGS_value=
ac_cv_env_CPPFLAGS_set=
ac_cv_env_CPPFLAGS_value=
ac_cv_env_CPP_set=
ac_cv_env_CPP_value=
ac_cv_env_LDFLAGS_set=
ac_cv_env_LDFLAGS_value=
ac_cv_env_LIBS_set=
ac_cv_env_LIBS_value=
ac_cv_env_LT_SYS_LIBRARY_PATH_set=
ac_cv_env_LT_SYS_LIBRARY_PATH_value=
ac_cv_env_PKG_CONFIG_LIBDIR_set=
ac_cv_env_PKG_CONFIG_LIBDIR_value=
ac_cv_env_PKG_CONFIG_PATH_set=
ac_cv_env_PKG_CONFIG_PATH_value=
ac_cv_env_PKG_CONFIG_set=
ac_cv_env_PKG_CONFIG_value=
ac_cv_env_blkid_CFLAGS_set=
ac_cv_env_blkid_CFLAGS_value=
ac_cv_env_blkid_LIBS_set=
ac_cv_env_blkid_LIBS_value=
ac_cv_env_build_alias_set=
ac_cv_env_build_alias_value=
ac_cv_env_devmapper_CFLAGS_set=
ac_cv_env_devmapper_CFLAGS_value=
ac_cv_env_devmapper_LIBS_set=
ac_cv_env_devmapper_LIBS_value=
ac_cv_env_host_alias_set=
ac_cv_env_host_alias_value=
ac_cv_env_kmod_CFLAGS_set=
ac_cv_env_kmod_CFLAGS_value=
ac_cv_env_kmod_LIBS_set=
ac_cv_env_kmod_LIBS_value=
ac_cv_env_libudev_CFLAGS_set=
ac_cv_env_libudev_CFLAGS_value=
ac_cv_env_libudev_LIBS_set=
ac_cv_env_libudev_LIBS_value=
ac_cv_env_target_alias_set=
ac_cv_env_target_alias_value=
ac_cv_env_uuid_CFLAGS_set=
ac_cv_env_uuid_CFLAGS_value=
ac_cv_env_uuid_LIBS_set=
ac_cv_env_uuid_LIBS_value=
ac_cv_header_dlfcn_h=yes
ac_cv_header_inttypes_h=yes
ac_cv_header_libgen_h=yes
ac_cv_header_linux_blkzoned_h=yes
ac_cv_header_linux_fs_h=yes
ac_cv_header_memory_h=yes
ac_cv_header_minix_config_h=no
ac_cv_header_mntent_h=yes
ac_cv_header_stdc=yes
ac_cv_header_stdint_h=yes
ac_cv_header_stdlib_h=yes
ac_cv_header_string_h=yes
ac_cv_header_strings_h=yes
ac_cv_header_sys_stat_h=yes
ac_cv_header_sys_types_h=yes
ac_cv_header_unistd_h=yes
ac_cv_host=x86_64-pc-linux-gnu
ac_cv_member_struct_blk_zone_capacity=yes
ac_cv_objext=o
ac_cv_path_EGREP='/usr/bin/grep -E'
ac_cv_path_FGREP='/usr/bin/grep -F'
ac_cv_path_GREP=/usr/bin/grep
ac_cv_path_RPM=/usr/bin/rpm
ac_cv_path_RPMBUILD=/usr/bin/rpmbuild
ac_cv_path_SED=/usr/bin/sed
ac_cv_path_ac_pt_PKG_CONFIG=/usr/bin/pkg-config
ac_cv_path_install='/usr/bin/install -c'
ac_cv_path_lt_DD=/usr/bin/dd
ac_cv_path_mkdir=/usr/bin/mkdir
ac_cv_prog_AWK=mawk
ac_cv_prog_CPP='gcc -E'
ac_cv_prog_ac_ct_AR=ar
ac_cv_prog_ac_ct_CC=gcc
ac_cv_prog_ac_ct_MANIFEST_TOOL=mt
ac_cv_prog_ac_ct_OBJDUMP=objdump
ac_cv_prog_ac_ct_RANLIB=ranlib
ac_cv_prog_ac_ct_STRIP=strip
ac_cv_prog_cc_c89=
ac_cv_prog_cc_g=yes
ac_cv_prog_make_make_set=yes
ac_cv_safe_to_define___extensions__=yes
ac_cv_sys_file_offset_bits=no
ac_cv_sys_largefile_CC=no
am_cv_CC_dependencies_compiler_type=gcc3
am_cv_ar_interface=ar
am_cv_make_support_nested_variables=yes
am_cv_prog_cc_c_o=yes
lt_cv_ar_at_file=@
lt_cv_archive_cmds_need_lc=no
lt_cv_deplibs_check_method=pass_all
lt_cv_file_magic_cmd='$MAGIC_CMD'
lt_cv_file_magic_test_file=
lt_cv_ld_reload_flag=-r
lt_cv_nm_interface='BSD nm'
lt_cv_objdir=.libs
lt_cv_path_LD=/usr/bin/ld
lt_cv_path_NM='/usr/bin/nm -B'
lt_cv_path_mainfest_tool=no
lt_cv_prog_compiler_c_o=yes
lt_cv_prog_compiler_pic='-fPIC -DPIC'
lt_cv_prog_compiler_pic_works=yes
lt_cv_prog_compiler_rtti_exceptions=no
lt_cv_prog_compiler_static_works=yes
lt_cv_prog_gnu_ld=yes
lt_cv_sharedlib_from_linklib_cmd='printf %s\n'
lt_cv_shlibpath_overrides_runpath=yes
lt_cv_sys_global_symbol_pipe='sed -n -e '\''s/^.*[	 ]\([ABCDGIRSTW][ABCDGIRSTW]*\)[	 ][	 ]*\([_A-Za-z][_A-Za-z0-9]*\)$/\1 \2 \2/p'\'' | sed '\''/ __gnu_lto/d'\'''
lt_cv_sys_global_symbol_to_c_name_address='sed -n -e '\''s/^: \(.*\) .*$/  {"\1", (void *) 0},/p'\'' -e '\''s/^[ABCDGIRSTW][ABCDGIRSTW]* .* \(.*\)$/  {"\1", (void *) \&\1},/p'\'''
lt_cv_sys_global_symbol_to_c_name_address_lib_prefix='sed -n -e '\''s/^: \(.*\) .*$/  {"\1", (void *) 0},/p'\'' -e '\''s/^[ABCDGIRSTW][ABCDGIRSTW]* .* \(lib.*\)$/  {"\1", (void *) \&\1},/p'\'' -e '\''s/^[ABCDGIRSTW][ABCDGIRSTW]* .* \(.*\)$/  {"lib\1", (void *) \&\1},/p'\'''
lt_cv_sys_global_symbol_to_cdecl='sed -n -e '\''s/^T .* \(.*\)$/extern int \1();/p'\'' -e '\''s/^[ABCDGIRSTW][ABCDGIRSTW]* .* \(.*\)$/extern char \1;/p'\'''
lt_cv_sys_global_symbol_to_import=
lt_cv_sys_max_cmd_len=1572864
lt_cv_to_host_file_cmd=func_convert_file_noop
lt_cv_to_tool_file_cmd=func_convert_file_noop
lt_cv_truncate_bin='/usr/bin/dd bs=4096 count=1'
pkg_cv_blkid_CFLAGS=-I/usr/include/blkid
pkg_cv_blkid_LIBS=-lblkid
pkg_cv_devmapper_CFLAGS=
pkg_cv_devmapper_LIBS=-ldevmapper
pkg_cv_kmod_CFLAGS=
pkg_cv_kmod_LIBS=-lkmod
pkg_cv_libudev_CFLAGS=
pkg_cv_libudev_LIBS=-ludev
pkg_cv_uuid_CFLAGS=-I/usr/include/uuid
pkg_cv_uuid_LIBS=-luuid

## ----------------- ##
## Output variables. ##
## ----------------- ##

ACLOCAL='${SHELL} '\''/home/dcslab/mjkoo/wd_dmzoned/dm-zoned-tools/build-aux/missing'\'' aclocal-1.16'
AMDEPBACKSLASH='\'
AMDEP_FALSE='#'
AMDEP_TRUE=''
AMTAR='$${TAR-tar}'
AM_BACKSLASH='\'
AM_DEFAULT_V='$(AM_DEFAULT_VERBOSITY)'
AM_DEFAULT_VERBOSITY='0'
AM_V='$(V)'
AR='ar'
AUTOCONF='${SHELL} '\''/home/dcslab/mjkoo/wd_dmzoned/dm-zoned-tools/build-aux/missing'\'' autoconf'
AUTOHEADER='${SHELL} '\''/home/dcslab/mjkoo/wd_dmzoned/dm-zoned-tools/build-aux/missing'\'' autoheader'
AUTOMAKE='${SHELL} '\''/home/dcslab/mjkoo/wd_dmzoned/dm-zoned-tools/build-aux/missing'\'' automake-1.16'
AWK='mawk'
BUILD_RPM_FALSE='#'
BUILD_RPM_TRUE=''
CC='gcc'
CCDEPMODE='depmode=gcc3'
CFLAGS='-g -O2'
CPP='gcc -E'
CPPFLAGS=''
CYGPATH_W='echo'
DEFS='-DHAVE_CONFIG_H'
DEPDIR='.deps'
DLLTOOL='false'
DSYMUTIL=''
DUMPBIN=''
ECHO_C=''
ECHO_N='-n'
ECHO_T=''
EGREP='/usr/bin/grep -E'
EXEEXT=''
FGREP='/usr/bin/grep -F'
GREP='/usr/bin/grep'
INSTALL_DATA='${INSTALL} -m 644'
INSTALL_PROGRAM='${INSTALL}'
INSTALL_SCRIPT='${INSTALL}'
INSTALL_STRIP_PROGRAM='$(install_sh) -c -s'
LD='/usr/bin/ld -m elf_x86_64'
LDFLAGS=''
LIBOBJS=''
LIBS=''
LIBTOOL='$(SHELL) $(top_builddir)/libtool'
LIPO=''
LN_S='ln -s'
LTLIBOBJS=''
LT_SYS_LIBRARY_PATH=''
MAKEINFO='${SHELL} '\''/home/dcslab/mjkoo/wd_dmzoned/dm-zoned-tools/build-aux/missing'\'' makeinfo'
MANIFEST_TOOL=':'
MKDIR_P='/usr/bin/mkdir -p'
NM='/usr/bin/nm -B'
NMEDIT=''
OBJDUMP='objdump'
OBJEXT='o'
OTOOL64=''
OTOOL=''
PACKAGE='dm-zoned-tools'
PACKAGE_BUGREPORT='damien.lemoal@wdc.com'
PACKAGE_NAME='dm-zoned-tools'
PACKAGE_STRING='dm-zoned-tools 2.2.1'
PACKAGE_TARNAME='dm-zoned-tools'
PACKAGE_URL=''
PACKAGE_VERSION='2.2.1'
PATH_SEPARATOR=':'
PKG_CONFIG='/usr/bin/pkg-config'
PKG_CONFIG_LIBDIR=''
PKG_CONFIG_PATH=''
RANLIB='ranlib'
RPM='/usr/bin/rpm'
RPMBUILD='/usr/bin/rpmbuild'
SED='/usr/bin/sed'
SET_MAKE=''
SHELL='/bin/bash'
STRIP='strip'
VERSION='2.2.1'
ac_ct_AR='ar'
ac_ct_CC='gcc'
ac_ct_DUMPBIN=''
am__EXEEXT_FALSE=''
am__EXEEXT_TRUE='#'
am__fastdepCC_FALSE='#'
am__fastdepCC_TRUE=''
am__include='include'
am__isrc=''
am__leading_dot='.'
am__nodep='_no'
am__quote=''
am__tar='$${TAR-tar} chof - "$$tardir"'
am__untar='$${TAR-tar} xf -'
bindir='${exec_prefix}/bin'
blkid_CFLAGS='-I/usr/include/blkid'
blkid_LIBS='-lblkid'
build='x86_64-pc-linux-gnu'
build_alias=''
build_cpu='x86_64'
build_os='linux-gnu'
build_vendor='pc'
datadir='${datarootdir}'
datarootdir='${prefix}/share'
devmapper_CFLAGS=''
devmapper_LIBS='-ldevmapper'
docdir='${datarootdir}/doc/${PACKAGE_TARNAME}'
dvidir='${docdir}'
exec_prefix='${prefix}'
host='x86_64-pc-linux-gnu'
host_alias=''
host_cpu='x86_64'
host_os='linux-gnu'
host_vendor='pc'
htmldir='${docdir}'
includedir='${prefix}/include'
infodir='${datarootdir}/info'
install_sh='${SHELL} /home/dcslab/mjkoo/wd_dmzoned/dm-zoned-tools/build-aux/install-sh'
kmod_CFLAGS=''
kmod_LIBS='-lkmod'
libdir='${exec_prefix}/lib'
libexecdir='${exec_prefix}/libexec'
libudev_CFLAGS=''
libudev_LIBS='-ludev'
localedir='${datarootdir}/locale'
localstatedir='${prefix}/var'
mandir='${datarootdir}/man'
mkdir_p='$(MKDIR_P)'
oldincludedir='/usr/include'
pdfdir='${docdir}'
prefix='/usr'
program_transform_name='s,x,x,'
psdir='${docdir}'
runstatedir='${localstatedir}/run'
sbindir='${exec_prefix}/sbin'
sharedstatedir='${prefix}/com'
sysconfdir='${prefix}/etc'
target_alias=''
uuid_CFLAGS='-I/usr/include/uuid'
uuid_LIBS='-luuid'

## ----------- ##
## confdefs.h. ##
## ----------- ##

/* confdefs.h */
#define PACKAGE_NAME "dm-zoned-tools"
#define PACKAGE_TARNAME "dm-zoned-tools"
#define PACKAGE_VERSION "2.2.1"
#define PACKAGE_STRING "dm-zoned-tools 2.2.1"
#define PACKAGE_BUGREPORT "damien.lemoal@wdc.com"
#define PACKAGE_URL ""
#define PACKAGE "dm-zoned-tools"
#define VERSION "2.2.1"
#define STDC_HEADERS 1
#define HAVE_SYS_TYPES_H 1
#define HAVE_SYS_STAT_H 1
#define HAVE_STDLIB_H 1
#define HAVE_STRING_H 1
#define HAVE_MEMORY_H 1
#define HAVE_STRINGS_H 1
#define HAVE_INTTYPES_H 1
#define HAVE_STDINT_H 1
#define HAVE_UNISTD_H 1
#define __EXTENSIONS__ 1
#define _ALL_SOURCE 1
#define _GNU_SOURCE 1
#define _POSIX_PTHREAD_SEMANTICS 1
#define _TANDEM_SOURCE 1
#define HAVE_DLFCN_H 1
#define LT_OBJDIR ".libs/"
#define HAVE_BLK_ZONE_REP_V2 1

configure: exit 0
